<?xml version="1.0"?>
<nidocument>
<nicomment>
<nifamily displayname="NI-Reports" familyname="NI-Reports">
</nifamily>
</nicomment>
<nierror code="-41044">
NI-Reports: The specified template is not a valid Word document.
</nierror>
<nierror code="-41043">
NI-Reports: Maximum column count of 63 exceeded.
</nierror>
<nierror code="-41042">
NI-Reports: An invalid error code was reported by a Word Reporting function.
</nierror>
<nierror code="-41041">
NI-Reports: The specified bookmark is present in an invalid location.
</nierror>
<nierror code="-41040">
NI-Reports: The specified bookmark does not exist in the Word document.
</nierror>
<nierror code="-41039">
NI-Reports: Cannot insert data at specified location. Table has non-uniform merging.
</nierror>
<nierror code="-41038">
NI-Reports: You do not have permission to open/create this file. Check file permissions settings, and make sure another process isn't already using the file.
</nierror>
<nierror code="-41037">
NI-Reports: An internal error has occurred in Word Reporting.
</nierror>
<nierror code="-41036">
NI-Reports: This file has the wrong file extension. You can only use .dotx and .docx file extensions.
</nierror>
<nierror code="-41035">
NI-Reports: This file has the wrong file extension. You can only use .docx file extensions.
</nierror>
<nierror code="-41034">
NI-Reports: Cell range has non-uniform merging.
</nierror>
<nierror code="-41033">
NI-Reports: The specified sheet was not found.
</nierror>
<nierror code="-41032">
NI-Reports: Invalid cell location/DefinedName.
</nierror>
<nierror code="-41031">
NI-Reports: The file extension of the report file is different from the template file.
</nierror>
<nierror code="-41030">
NI-Reports: This file has the wrong file extension. You may only use the file extensions .xlsx and .xlsm.
</nierror>
<nierror code="-41029">
NI-Reports: The specified template is not a valid Excel file.
</nierror>
<nierror code="-41028">
NI-Reports: An invalid 2D-array is used to write to Excel Reporting. The maximum permissible size is 16,384 columns and 1,048,576 rows.
</nierror>
<nierror code="-41027">
NI-Reports: An invalid column name was used in Excel Reporting.
</nierror>
<nierror code="-41026">
NI-Reports: An invalid sheet name was used in Excel Reporting.
</nierror>
<nierror code="-41025">
NI-Reports: An invalid range was used in Excel Reporting. The values of row and column for bottom right must be larger than the values for upper left.
</nierror>
<nierror code="-41024">
NI-Reports: An invalid report reference was used in Reporting.
</nierror>
<nierror code="-41023">
NI-Reports: An invalid/empty path was used in Reporting.
</nierror>
<nierror code="-41022">
NI-Reports: An empty sheet name was used in Excel Reporting.
</nierror>
<nierror code="-41021">
NI-Reports: An internal error has occured in Excel Reporting.
</nierror>
<nierror code="-41020">
NI-Reports: An invalid error code was reported by an Excel Reporting function.
</nierror>
<nierror code="-41007">
NI-Reports: You must have the LabVIEW Report Generation Toolkit for Microsoft Office installed to create this type of report.  The toolkit must also have an activated license or be in evaluation mode.
</nierror>
<nierror code="-41006">
NI-Reports: This type of report is not supported on this platform.
</nierror>
<nierror code="-41005">
NI-Reports: Invalid margins.
</nierror>
<nierror code="-41004">
NI-Reports: Print error
</nierror>
<nierror code="-41003">
NI-Reports: File open error.
</nierror>
<nierror code="-41002">
NI-Reports: Invalid printer name
</nierror>
<nierror code="-41001">
NI-Reports: Out of memory.
</nierror>
<nierror code="-41000">
NI-Reports: An unknown error has occurred.
</nierror>
<nierror code="41000">
NI-Reports: You attempted to use a function that has no effect with the current report type.
</nierror>
</nidocument>
