<?xml version="1.0"?>
<nidocument>
<nicomment>
<nifamily displayname="VISA" familyname="VISA">
</nifamily>
</nicomment>
<nierror code="-1073807360">
VISA:  (Hex 0xBFFF0000) Unknown system error (miscellaneous error).
</nierror>
<nierror code="-1073807346">
VISA:  (Hex 0xBFFF000E) The given session or object reference is invalid.
</nierror>
<nierror code="-1073807345">
VISA:  (Hex 0xBFFF000F) Specified type of lock cannot be obtained, or specified operation cannot be performed, because the resource is locked.
</nierror>
<nierror code="-1073807344">
VISA:  (Hex 0xBFFF0010) Invalid expression specified for search.
</nierror>
<nierror code="-1073807343">
VISA:  (Hex 0xBFFF0011) Insufficient location information or the device or resource is not present in the system.
</nierror>
<nierror code="-1073807342">
VISA:  (Hex 0xBFFF0012) Invalid resource reference specified. Parsing error.
</nierror>
<nierror code="-1073807341">
VISA:  (Hex 0xBFFF0013) Invalid access mode.
</nierror>
<nierror code="-1073807339">
VISA:  (Hex 0xBFFF0015) Timeout expired before operation completed.
</nierror>
<nierror code="-1073807338">
VISA:  (Hex 0xBFFF0016) The VISA driver failed to properly close the session or object reference. This might be due to an error freeing internal or OS resources, a failed network connection, or a lower level driver or OS error.
</nierror>
<nierror code="-1073807333">
VISA:  (Hex 0xBFFF001B) Specified degree is invalid.
</nierror>
<nierror code="-1073807332">
VISA:  (Hex 0xBFFF001C) Specified job identifier is invalid.
</nierror>
<nierror code="-1073807331">
VISA:  (Hex 0xBFFF001D) The specified attribute is not defined or supported by the referenced resource.
</nierror>
<nierror code="-1073807330">
VISA:  (Hex 0xBFFF001E) The specified state of the attribute is not valid, or is not supported as defined by the resource.
</nierror>
<nierror code="-1073807329">
VISA:  (Hex 0xBFFF001F) The specified attribute is read-only.
</nierror>
<nierror code="-1073807328">
VISA:  (Hex 0xBFFF0020) The specified type of lock is not supported by this resource.
</nierror>
<nierror code="-1073807327">
VISA:  (Hex 0xBFFF0021) The access key to the specified resource is invalid.
</nierror>
<nierror code="-1073807322">
VISA:  (Hex 0xBFFF0026) Specified event type is not supported by the resource.
</nierror>
<nierror code="-1073807321">
VISA:  (Hex 0xBFFF0027) Invalid mechanism specified.
</nierror>
<nierror code="-1073807320">
VISA:  (Hex 0xBFFF0028) A handler was not installed.
</nierror>
<nierror code="-1073807319">
VISA:  (Hex 0xBFFF0029) The given handler reference is invalid.
</nierror>
<nierror code="-1073807318">
VISA:  (Hex 0xBFFF002A) Specified event context is invalid.
</nierror>
<nierror code="-1073807315">
VISA:  (Hex 0xBFFF002D) The event queue for the specified type has overflowed. This is usually due to previous events not having been closed.
</nierror>
<nierror code="-1073807313">
VISA:  (Hex 0xBFFF002F) You must be enabled for events of the specified type in order to receive them.
</nierror>
<nierror code="-1073807312">
VISA:  (Hex 0xBFFF0030) User abort occurred during transfer.
</nierror>
<nierror code="-1073807308">
VISA:  (Hex 0xBFFF0034) Violation of raw write protocol occurred during transfer.
</nierror>
<nierror code="-1073807307">
VISA:  (Hex 0xBFFF0035) Violation of raw read protocol occurred during transfer.
</nierror>
<nierror code="-1073807306">
VISA:  (Hex 0xBFFF0036) Device reported an output protocol error during transfer.
</nierror>
<nierror code="-1073807305">
VISA:  (Hex 0xBFFF0037) Device reported an input protocol error during transfer.
</nierror>
<nierror code="-1073807304">
VISA:  (Hex 0xBFFF0038) Bus error occurred during transfer.
</nierror>
<nierror code="-1073807303">
VISA:  (Hex 0xBFFF0039) Unable to queue the asynchronous operation because there is already an operation in progress.
</nierror>
<nierror code="-1073807302">
VISA:  (Hex 0xBFFF003A) Unable to start operation because setup is invalid (due to attributes being set to an inconsistent state).
</nierror>
<nierror code="-1073807301">
VISA:  (Hex 0xBFFF003B) Unable to queue the asynchronous operation (usually due to the I/O completion event not being enabled or insufficient space in the session's queue).
</nierror>
<nierror code="-1073807300">
VISA:  (Hex 0xBFFF003C) Insufficient system resources to perform necessary memory allocation.
</nierror>
<nierror code="-1073807299">
VISA:  (Hex 0xBFFF003D) Invalid buffer mask specified.
</nierror>
<nierror code="-1073807298">
VISA:  (Hex 0xBFFF003E) Could not perform operation because of I/O error.
</nierror>
<nierror code="-1073807297">
VISA:  (Hex 0xBFFF003F) A format specifier in the format string is invalid.
</nierror>
<nierror code="-1073807295">
VISA:  (Hex 0xBFFF0041) A format specifier in the format string is not supported.
</nierror>
<nierror code="-1073807294">
VISA:  (Hex 0xBFFF0042) The specified trigger line is currently in use.
</nierror>
<nierror code="-1073807293">
VISA:  (Hex 0xBFFF0043) The specified trigger line has not been reserved.
</nierror>
<nierror code="-1073807290">
VISA:  (Hex 0xBFFF0046) The specified mode is not supported by this VISA implementation.
</nierror>
<nierror code="-1073807286">
VISA:  (Hex 0xBFFF004A) Service request has not been received for the session.
</nierror>
<nierror code="-1073807282">
VISA:  (Hex 0xBFFF004E) Invalid address space specified.
</nierror>
<nierror code="-1073807279">
VISA:  (Hex 0xBFFF0051) Invalid offset specified.
</nierror>
<nierror code="-1073807278">
VISA:  (Hex 0xBFFF0052) Invalid access width specified.
</nierror>
<nierror code="-1073807276">
VISA:  (Hex 0xBFFF0054) Specified offset is not accessible from this hardware.
</nierror>
<nierror code="-1073807275">
VISA:  (Hex 0xBFFF0055) Cannot support source and destination widths that are different.
</nierror>
<nierror code="-1073807273">
VISA:  (Hex 0xBFFF0057) The specified session is not currently mapped.
</nierror>
<nierror code="-1073807271">
VISA:  (Hex 0xBFFF0059) A previous response is still pending, causing a multiple query error.
</nierror>
<nierror code="-1073807265">
VISA:  (Hex 0xBFFF005F) No listeners condition is detected (both NRFD and NDAC are deasserted).
</nierror>
<nierror code="-1073807264">
VISA:  (Hex 0xBFFF0060) The interface associated with this session is not currently the controller in charge.
</nierror>
<nierror code="-1073807263">
VISA:  (Hex 0xBFFF0061) The interface associated with this session is not the system controller.
</nierror>
<nierror code="-1073807257">
VISA:  (Hex 0xBFFF0067) The given session or object reference does not support this operation.
</nierror>
<nierror code="-1073807256">
VISA:  (Hex 0xBFFF0068) An interrupt is still pending from a previous call.
</nierror>
<nierror code="-1073807254">
VISA:  (Hex 0xBFFF006A) A parity error occurred during transfer.
</nierror>
<nierror code="-1073807253">
VISA:  (Hex 0xBFFF006B) A framing error occurred during transfer.
</nierror>
<nierror code="-1073807252">
VISA:  (Hex 0xBFFF006C) An overrun error occurred during transfer. A character was not read from the hardware before the next character arrived.
</nierror>
<nierror code="-1073807250">
VISA:  (Hex 0xBFFF006E) The path from trigSrc to trigDest is not currently mapped.
</nierror>
<nierror code="-1073807248">
VISA:  (Hex 0xBFFF0070) The specified offset is not properly aligned for the access width of the operation.
</nierror>
<nierror code="-1073807247">
VISA:  (Hex 0xBFFF0071) A specified user buffer is not valid or cannot be accessed for the required size.
</nierror>
<nierror code="-1073807246">
VISA:  (Hex 0xBFFF0072) The resource is valid, but VISA cannot currently access it.
</nierror>
<nierror code="-1073807242">
VISA:  (Hex 0xBFFF0076) Specified width is not supported by this hardware.
</nierror>
<nierror code="-1073807240">
VISA:  (Hex 0xBFFF0078) The value of some parameter (which parameter is not known) is invalid.
</nierror>
<nierror code="-1073807239">
VISA:  (Hex 0xBFFF0079) The protocol specified is invalid.
</nierror>
<nierror code="-1073807237">
VISA:  (Hex 0xBFFF007B) Invalid size of window specified.
</nierror>
<nierror code="-1073807232">
VISA:  (Hex 0xBFFF0080) The specified session currently contains a mapped window.
</nierror>
<nierror code="-1073807231">
VISA:  (Hex 0xBFFF0081) The given operation is not implemented.
</nierror>
<nierror code="-1073807229">
VISA:  (Hex 0xBFFF0083) Invalid length specified.
</nierror>
<nierror code="-1073807215">
VISA:  (Hex 0xBFFF0091) Invalid mode specified.
</nierror>
<nierror code="-1073807204">
VISA:  (Hex 0xBFFF009C) The current session did not have a lock on the resource.
</nierror>
<nierror code="-1073807203">
VISA:  (Hex 0xBFFF009D) The device does not export any memory.
</nierror>
<nierror code="-1073807202">
VISA:  (Hex 0xBFFF009E) VISA or a code library required by VISA could not be located or loaded.  This is usually due to a required driver not being installed on the system.
</nierror>
<nierror code="-1073807201">
VISA:  (Hex 0xBFFF009F) The interface cannot generate an interrupt on the requested level or with the requested statusID value.
</nierror>
<nierror code="-1073807200">
VISA:  (Hex 0xBFFF00A0) The value specified by the line parameter is invalid.
</nierror>
<nierror code="-1073807199">
VISA:  (Hex 0xBFFF00A1) An error occurred while trying to open the specified file. Possible reasons include an invalid path or lack of access rights.
</nierror>
<nierror code="-1073807198">
VISA:  (Hex 0xBFFF00A2) An error occurred while performing I/O on the specified file.
</nierror>
<nierror code="-1073807197">
VISA:  (Hex 0xBFFF00A3) One of the specified lines, trigSrc or trigDest, is not supported by this VISA implementation, or the combination of lines is not a valid mapping.
</nierror>
<nierror code="-1073807196">
VISA:  (Hex 0xBFFF00A4) The specified mechanism is not supported for the given event type.
</nierror>
<nierror code="-1073807195">
VISA:  (Hex 0xBFFF00A5) The interface type is valid, but the specified interface number is not configured.
</nierror>
<nierror code="-1073807194">
VISA:  (Hex 0xBFFF00A6) The connection for the given session has been lost.
</nierror>
<nierror code="-1073807193">
VISA:  (Hex 0xBFFF00A7) The remote machine does not exist or is not accepting any connections. If the NI-VISA server is installed and running on the remote machine, it might have an incompatible version or might be listening on a different port.
</nierror>
<nierror code="-1073807192">
VISA:  (Hex 0xBFFF00A8) Access to the resource or remote machine is denied. This is due to lack of sufficient privileges for the current user or machine.
</nierror>
<nierror code="-1073807190">
VISA:  (Hex 0xBFFF00AA) A lower level driver reported that this resource corresponds to or is connected to a non-genuine interface. For more information, contact National Instruments support.
</nierror>
<nierror code="0">
VISA:  (Hex 0x0) Operation completed successfully.
</nierror>
<nierror code="1073676290">
VISA:  (Hex 0x3FFF0002) Specified event is already enabled for at least one of the specified mechanisms.
</nierror>
<nierror code="1073676291">
VISA:  (Hex 0x3FFF0003) Specified event is already disabled for at least one of the specified mechanisms.
</nierror>
<nierror code="1073676292">
VISA:  (Hex 0x3FFF0004) Operation completed successfully, but queue was already empty.
</nierror>
<nierror code="1073676293">
VISA:  (Hex 0x3FFF0005) The specified termination character was read.
</nierror>
<nierror code="1073676294">
VISA:  (Hex 0x3FFF0006) The number of bytes transferred is equal to the requested input count. More data might be available.
</nierror>
<nierror code="1073676300">
VISA:  (Hex 0x3FFF000C) VISA received more event information of the specified type than the configured queue size could hold.
</nierror>
<nierror code="1073676407">
VISA:  (Hex 0x3FFF0077) The specified configuration either does not exist or could not be loaded. VISA-specified defaults will be used.
</nierror>
<nierror code="1073676413">
VISA:  (Hex 0x3FFF007D) Session opened successfully, but the device at the specified address is not responding.
</nierror>
<nierror code="1073676414">
VISA:  (Hex 0x3FFF007E) The path from trigSrc to trigDest is already mapped.
</nierror>
<nierror code="1073676416">
VISA:  (Hex 0x3FFF0080) Wait terminated successfully on receipt of an event notification. There is at least one more event occurrence of the type specified by inEventType available for this session.
</nierror>
<nierror code="1073676418">
VISA:  (Hex 0x3FFF0082) The specified object reference is uninitialized.
</nierror>
<nierror code="1073676420">
VISA:  (Hex 0x3FFF0084) Although the specified state of the attribute is valid, it is not supported by this resource implementation.
</nierror>
<nierror code="1073676421">
VISA:  (Hex 0x3FFF0085) The status code passed to the operation could not be interpreted.
</nierror>
<nierror code="1073676424">
VISA:  (Hex 0x3FFF0088) The specified I/O buffer is not supported.
</nierror>
<nierror code="1073676440">
VISA:  (Hex 0x3FFF0098) Event handled successfully. Do not invoke any other handlers on this session for this event.
</nierror>
<nierror code="1073676441">
VISA:  (Hex 0x3FFF0099) Operation completed successfully, and this session has nested shared locks.
</nierror>
<nierror code="1073676442">
VISA:  (Hex 0x3FFF009A) Operation completed successfully, and this session has nested exclusive locks.
</nierror>
<nierror code="1073676443">
VISA:  (Hex 0x3FFF009B) Operation completed successfully, but the operation was actually synchronous rather than asynchronous.
</nierror>
<nierror code="1073676457">
VISA:  (Hex 0x3FFF00A9) The operation succeeded, but a lower level driver did not implement the extended functionality.
</nierror>
</nidocument>
